<?xml version="1.0" encoding="utf-8"?><testsuites name="pytest tests"><testsuite name="pytest" errors="2" failures="16" skipped="0" tests="33" time="68.799" timestamp="2025-08-26T16:24:06.747699+08:00" hostname="L-G35024V4-1055"><testcase classname="tests.test_data_export" name="test_export_data_csv" time="0.118"><failure message="AssertionError: 被试者数据CSV导出失败&#10;assert False == True">tests\test_data_export.py:59: in test_export_data_csv
    assert success == True, "被试者数据CSV导出失败"
E   AssertionError: 被试者数据CSV导出失败
E   assert False == True</failure></testcase><testcase classname="tests.test_data_export" name="test_export_data_excel" time="0.024"><failure message="AttributeError: 'DataManager' object has no attribute 'export_participants_to_excel'. Did you mean: 'export_participants_to_csv'?">tests\test_data_export.py:122: in test_export_data_excel
    success = data_manager.export_participants_to_excel(participants_file)
              ^^^^^^^^^^^^^^^^^^^^^^^^^^^^^^^^^^^^^^^^^
E   AttributeError: 'DataManager' object has no attribute 'export_participants_to_excel'. Did you mean: 'export_participants_to_csv'?</failure></testcase><testcase classname="tests.test_data_export" name="test_export_analysis_results" time="0.045"><failure message="AttributeError: 'DataManager' object has no attribute 'export_analysis_results_to_csv'">tests\test_data_export.py:185: in test_export_analysis_results
    success = data_manager.export_analysis_results_to_csv(descriptive_results, desc_file)
              ^^^^^^^^^^^^^^^^^^^^^^^^^^^^^^^^^^^^^^^^^^^
E   AttributeError: 'DataManager' object has no attribute 'export_analysis_results_to_csv'</failure></testcase><testcase classname="tests.test_data_export" name="test_export_with_filters" time="0.021"><failure message="AssertionError: 按性别筛选导出失败&#10;assert False == True">tests\test_data_export.py:222: in test_export_with_filters
    assert success == True, "按性别筛选导出失败"
E   AssertionError: 按性别筛选导出失败
E   assert False == True</failure></testcase><testcase classname="tests.test_data_export" name="test_export_with_custom_columns" time="0.022"><failure message="AssertionError: 自定义列导出失败&#10;assert False == True">tests\test_data_export.py:266: in test_export_with_custom_columns
    assert success == True, "自定义列导出失败"
E   AssertionError: 自定义列导出失败
E   assert False == True</failure></testcase><testcase classname="tests.test_data_export" name="test_export_data_integrity" time="0.024"><failure message="AttributeError: 'DataManager' object has no attribute 'list_responses'">tests\test_data_export.py:289: in test_export_data_integrity
    original_responses = data_manager.list_responses(scale_id=1)
                         ^^^^^^^^^^^^^^^^^^^^^^^^^^^
E   AttributeError: 'DataManager' object has no attribute 'list_responses'</failure></testcase><testcase classname="tests.test_data_export" name="test_export_error_handling" time="0.033" /><testcase classname="tests.test_data_export" name="test_export_large_dataset" time="0.955"><failure message="AssertionError: 大数据集导出失败&#10;assert False == True">tests\test_data_export.py:393: in test_export_large_dataset
    assert success == True, "大数据集导出失败"
E   AssertionError: 大数据集导出失败
E   assert False == True</failure></testcase><testcase classname="tests.test_data_export" name="test_export_data_formats" time="0.022"><failure message="AssertionError: csv格式导出失败&#10;assert False == True">tests\test_data_export.py:439: in test_export_data_formats
    assert success == True, f"{format_name}格式导出失败"
E   AssertionError: csv格式导出失败
E   assert False == True</failure></testcase><testcase classname="tests.test_data_management" name="test_create_participant" time="30.020"><failure message="sqlalchemy.exc.TimeoutError: QueuePool limit of size 5 overflow 10 reached, connection timed out, timeout 30.00 (Background on this error at: https://sqlalche.me/e/20/3o7r)">tests\test_data_management.py:34: in test_create_participant
    participant = data_manager.create_participant(
..\src\data_manager.py:44: in create_participant
    ).first()
      ^^^^^^^
..\..\bishe_venv\Lib\site-packages\sqlalchemy\orm\query.py:2759: in first
    return self.limit(1)._iter().first()  # type: ignore
           ^^^^^^^^^^^^^^^^^^^^^
..\..\bishe_venv\Lib\site-packages\sqlalchemy\orm\query.py:2857: in _iter
    result: Union[ScalarResult[_T], Result[_T]] = self.session.execute(
..\..\bishe_venv\Lib\site-packages\sqlalchemy\orm\session.py:2365: in execute
    return self._execute_internal(
..\..\bishe_venv\Lib\site-packages\sqlalchemy\orm\session.py:2241: in _execute_internal
    conn = self._connection_for_bind(bind)
           ^^^^^^^^^^^^^^^^^^^^^^^^^^^^^^^
..\..\bishe_venv\Lib\site-packages\sqlalchemy\orm\session.py:2110: in _connection_for_bind
    return trans._connection_for_bind(engine, execution_options)
           ^^^^^^^^^^^^^^^^^^^^^^^^^^^^^^^^^^^^^^^^^^^^^^^^^^^^^
&lt;string&gt;:2: in _connection_for_bind
    ???
..\..\bishe_venv\Lib\site-packages\sqlalchemy\orm\state_changes.py:137: in _go
    ret_value = fn(self, *arg, **kw)
                ^^^^^^^^^^^^^^^^^^^^
..\..\bishe_venv\Lib\site-packages\sqlalchemy\orm\session.py:1189: in _connection_for_bind
    conn = bind.connect()
           ^^^^^^^^^^^^^^
..\..\bishe_venv\Lib\site-packages\sqlalchemy\engine\base.py:3277: in connect
    return self._connection_cls(self)
           ^^^^^^^^^^^^^^^^^^^^^^^^^^
..\..\bishe_venv\Lib\site-packages\sqlalchemy\engine\base.py:143: in __init__
    self._dbapi_connection = engine.raw_connection()
                             ^^^^^^^^^^^^^^^^^^^^^^^
..\..\bishe_venv\Lib\site-packages\sqlalchemy\engine\base.py:3301: in raw_connection
    return self.pool.connect()
           ^^^^^^^^^^^^^^^^^^^
..\..\bishe_venv\Lib\site-packages\sqlalchemy\pool\base.py:447: in connect
    return _ConnectionFairy._checkout(self)
           ^^^^^^^^^^^^^^^^^^^^^^^^^^^^^^^^
..\..\bishe_venv\Lib\site-packages\sqlalchemy\pool\base.py:1264: in _checkout
    fairy = _ConnectionRecord.checkout(pool)
            ^^^^^^^^^^^^^^^^^^^^^^^^^^^^^^^^
..\..\bishe_venv\Lib\site-packages\sqlalchemy\pool\base.py:711: in checkout
    rec = pool._do_get()
          ^^^^^^^^^^^^^^
..\..\bishe_venv\Lib\site-packages\sqlalchemy\pool\impl.py:166: in _do_get
    raise exc.TimeoutError(
E   sqlalchemy.exc.TimeoutError: QueuePool limit of size 5 overflow 10 reached, connection timed out, timeout 30.00 (Background on this error at: https://sqlalche.me/e/20/3o7r)</failure></testcase><testcase classname="tests.test_data_management" name="test_create_response" time="0.016" /><testcase classname="tests.test_data_management" name="test_data_grouping" time="0.039"><failure message="AssertionError: 男性被试者数量不匹配，期望: 3, 实际: 55&#10;assert 55 == 3&#10; +  where 55 = len([&lt;models.Participant object at 0x000002E89D0AE7B0&gt;, &lt;models.Participant object at 0x000002E89D0AECB0&gt;, &lt;models.Participant object at 0x000002E89D0AE350&gt;, &lt;models.Participant object at 0x000002E89D0AE5D0&gt;, &lt;models.Participant object at 0x000002E89D0AE3F0&gt;, &lt;models.Participant object at 0x000002E89D0AE030&gt;, ...])">tests\test_data_management.py:104: in test_data_grouping
    assert len(gender_groups) == 3, f"男性被试者数量不匹配，期望: 3, 实际: {len(gender_groups)}"
E   AssertionError: 男性被试者数量不匹配，期望: 3, 实际: 55
E   assert 55 == 3
E    +  where 55 = len([&lt;models.Participant object at 0x000002E89D0AE7B0&gt;, &lt;models.Participant object at 0x000002E89D0AECB0&gt;, &lt;models.Participant object at 0x000002E89D0AE350&gt;, &lt;models.Participant object at 0x000002E89D0AE5D0&gt;, &lt;models.Participant object at 0x000002E89D0AE3F0&gt;, &lt;models.Participant object at 0x000002E89D0AE030&gt;, ...])</failure></testcase><testcase classname="tests.test_data_management" name="test_data_summary" time="0.058" /><testcase classname="tests.test_data_management" name="test_data_anomaly_detection" time="0.084" /><testcase classname="tests.test_data_management" name="test_import_export_participants" time="0.004"><failure message="OSError: Cannot save file into a non-existent directory: 'evaluation'">tests\test_data_management.py:230: in test_import_export_participants
    df.to_csv(test_file, index=False, encoding='utf-8')
..\..\bishe_venv\Lib\site-packages\pandas\util\_decorators.py:333: in wrapper
    return func(*args, **kwargs)
           ^^^^^^^^^^^^^^^^^^^^^
..\..\bishe_venv\Lib\site-packages\pandas\core\generic.py:3986: in to_csv
    return DataFrameRenderer(formatter).to_csv(
..\..\bishe_venv\Lib\site-packages\pandas\io\formats\format.py:1014: in to_csv
    csv_formatter.save()
..\..\bishe_venv\Lib\site-packages\pandas\io\formats\csvs.py:251: in save
    with get_handle(
..\..\bishe_venv\Lib\site-packages\pandas\io\common.py:749: in get_handle
    check_parent_directory(str(handle))
..\..\bishe_venv\Lib\site-packages\pandas\io\common.py:616: in check_parent_directory
    raise OSError(rf"Cannot save file into a non-existent directory: '{parent}'")
E   OSError: Cannot save file into a non-existent directory: 'evaluation'</failure></testcase><testcase classname="tests.test_data_management" name="test_import_export_responses" time="0.020"><failure message="OSError: Cannot save file into a non-existent directory: 'evaluation'">tests\test_data_management.py:295: in test_import_export_responses
    df.to_csv(test_file, index=False, encoding='utf-8')
..\..\bishe_venv\Lib\site-packages\pandas\util\_decorators.py:333: in wrapper
    return func(*args, **kwargs)
           ^^^^^^^^^^^^^^^^^^^^^
..\..\bishe_venv\Lib\site-packages\pandas\core\generic.py:3986: in to_csv
    return DataFrameRenderer(formatter).to_csv(
..\..\bishe_venv\Lib\site-packages\pandas\io\formats\format.py:1014: in to_csv
    csv_formatter.save()
..\..\bishe_venv\Lib\site-packages\pandas\io\formats\csvs.py:251: in save
    with get_handle(
..\..\bishe_venv\Lib\site-packages\pandas\io\common.py:749: in get_handle
    check_parent_directory(str(handle))
..\..\bishe_venv\Lib\site-packages\pandas\io\common.py:616: in check_parent_directory
    raise OSError(rf"Cannot save file into a non-existent directory: '{parent}'")
E   OSError: Cannot save file into a non-existent directory: 'evaluation'</failure></testcase><testcase classname="tests.test_data_management" name="test_get_response_data" time="0.056"><failure message="AssertionError: 被试者ID不匹配&#10;assert 'EXPORT_001' == 'DATA_001'&#10;  &#10;  #x1B[0m#x1B[91m- DATA_001#x1B[39;49;00m#x1B[90m#x1B[39;49;00m&#10;  #x1B[92m+ EXPORT_001#x1B[39;49;00m#x1B[90m#x1B[39;49;00m">tests\test_data_management.py:366: in test_get_response_data
    assert first_row['participant_id'] == "DATA_001", "被试者ID不匹配"
E   AssertionError: 被试者ID不匹配
E   assert 'EXPORT_001' == 'DATA_001'
E     
E     #x1B[0m#x1B[91m- DATA_001#x1B[39;49;00m#x1B[90m#x1B[39;49;00m
E     #x1B[92m+ EXPORT_001#x1B[39;49;00m#x1B[90m#x1B[39;49;00m</failure></testcase><testcase classname="tests.test_data_management" name="test_data_validation" time="0.009" /><testcase classname="tests.test_data_management" name="test_score_calculation" time="0.016" /><testcase classname="tests.test_scale_creation" name="test_create_scale_basic_info" time="0.008" /><testcase classname="tests.test_scale_creation" name="test_create_scale_with_items" time="0.011" /><testcase classname="tests.test_scale_creation" name="test_scale_validation" time="0.007"><failure message="Failed: DID NOT RAISE &lt;class 'Exception'&gt;">tests\test_scale_creation.py:111: in test_scale_validation
    with pytest.raises(Exception):
         ^^^^^^^^^^^^^^^^^^^^^^^^
E   Failed: DID NOT RAISE &lt;class 'Exception'&gt;</failure></testcase><testcase classname="tests.test_scale_creation" name="test_scale_statistics" time="0.010" /><testcase classname="tests.test_scale_import_export" name="test_import_scale_json" time="0.002"><error message="failed on setup with &quot;FileNotFoundError: [Errno 2] No such file or directory: 'evaluation\\temp_test_scale.json'&quot;">tests\test_scale_import_export.py:52: in test_scale_json_file
    with open(test_file, 'w', encoding='utf-8') as f:
         ^^^^^^^^^^^^^^^^^^^^^^^^^^^^^^^^^^^^^^
E   FileNotFoundError: [Errno 2] No such file or directory: 'evaluation\\temp_test_scale.json'</error></testcase><testcase classname="tests.test_scale_import_export" name="test_import_scale_csv" time="0.002"><error message="failed on setup with &quot;OSError: Cannot save file into a non-existent directory: 'evaluation'&quot;">tests\test_scale_import_export.py:73: in test_scale_csv_file
    df.to_csv(test_file, index=False, encoding='utf-8')
..\..\bishe_venv\Lib\site-packages\pandas\util\_decorators.py:333: in wrapper
    return func(*args, **kwargs)
           ^^^^^^^^^^^^^^^^^^^^^
..\..\bishe_venv\Lib\site-packages\pandas\core\generic.py:3986: in to_csv
    return DataFrameRenderer(formatter).to_csv(
..\..\bishe_venv\Lib\site-packages\pandas\io\formats\format.py:1014: in to_csv
    csv_formatter.save()
..\..\bishe_venv\Lib\site-packages\pandas\io\formats\csvs.py:251: in save
    with get_handle(
..\..\bishe_venv\Lib\site-packages\pandas\io\common.py:749: in get_handle
    check_parent_directory(str(handle))
..\..\bishe_venv\Lib\site-packages\pandas\io\common.py:616: in check_parent_directory
    raise OSError(rf"Cannot save file into a non-existent directory: '{parent}'")
E   OSError: Cannot save file into a non-existent directory: 'evaluation'</error></testcase><testcase classname="tests.test_scale_import_export" name="test_export_scale_csv" time="0.011"><failure message="AssertionError: CSV导出失败&#10;assert False == True">tests\test_scale_import_export.py:156: in test_export_scale_csv
    assert success == True, "CSV导出失败"
E   AssertionError: CSV导出失败
E   assert False == True</failure></testcase><testcase classname="tests.test_scale_import_export" name="test_export_scale_json" time="0.009"><failure message="AssertionError: JSON导出失败&#10;assert False == True">tests\test_scale_import_export.py:202: in test_export_scale_json
    assert success == True, "JSON导出失败"
E   AssertionError: JSON导出失败
E   assert False == True</failure></testcase><testcase classname="tests.test_scale_import_export" name="test_scale_list_and_retrieval" time="0.012" /><testcase classname="tests.test_statistical_analysis" name="test_factor_analysis_with_rotation" time="0.320" /><testcase classname="tests.test_statistical_analysis" name="test_reliability_item_analysis" time="0.246" /><testcase classname="tests.test_statistical_analysis" name="test_regression_analysis" time="0.237" /><testcase classname="tests.test_statistical_analysis" name="test_trend_analysis" time="0.307" /><testcase classname="tests.test_statistical_analysis" name="test_path_analysis_setup" time="0.306" /></testsuite></testsuites>